[01/Aug/2014:01:22:49] ENGINE Listening for SIGHUP.
[01/Aug/2014:01:22:49] ENGINE Listening for SIGTERM.
[01/Aug/2014:01:22:49] ENGINE Listening for SIGUSR1.
[01/Aug/2014:01:22:49] ENGINE Bus STARTING
[01/Aug/2014:01:22:49] ENGINE Starting WebSocket processing
[01/Aug/2014:01:22:49] ENGINE Started monitor thread '_TimeoutMonitor'.
[01/Aug/2014:01:22:49] ENGINE Started monitor thread 'Autoreloader'.
[01/Aug/2014:01:22:49] ENGINE Serving on http://127.0.0.1:8010
[01/Aug/2014:01:22:49] ENGINE Bus STARTED
ChtrResource started
Started datasource
127.0.0.1 - - [01/Aug/2014:01:23:17] "GET /chtr HTTP/1.1" 101 - "" "Mozilla/5.0 (X11; Linux i686) AppleWebKit/537.36 (KHTML, like Gecko) Chrome/35.0.1916.153 Safari/537.36"
opened connection with 53513
get 53513 <type 'int'> websocket
received message from peer 53513 with message: {"OPEN":1}
dispatch {"OPEN":1} 53513
get 53513 <type 'int'> websocket
received message from peer 53513 with message: {"PING":0
dispatch {"PING":0 53513
caught value error in dispatch 
Expecting , delimiter: line 1 column 9 (char 9)
received message from peer 53513 with message: {"UID":"53513","LOC":"(42.357386299999995, NaN)"}
dispatch {"UID":"53513","LOC":"(42.357386299999995, NaN)"} 53513
get 53513 <type 'int'> location
received message from peer 53513 with message: {"UID":"53513","MSG":"amazing"}
dispatch {"UID":"53513","MSG":"amazing"} 53513
get 53513 <type 'int'> websocket
received message from peer 53513 with message: {"UID":"53513","MSG":"cool"}
dispatch {"UID":"53513","MSG":"cool"} 53513
get 53513 <type 'int'> websocket
127.0.0.1 - - [01/Aug/2014:01:23:38] "GET /chtr HTTP/1.1" 101 - "" "Mozilla/5.0 (X11; Linux i686) AppleWebKit/537.36 (KHTML, like Gecko) Chrome/35.0.1916.153 Safari/537.36"
opened connection with 53514
get 53514 <type 'int'> websocket
received message from peer 53514 with message: {"OPEN":1}
dispatch {"OPEN":1} 53514
get 53514 <type 'int'> websocket
received message from peer 53514 with message: {"PING":0
dispatch {"PING":0 53514
caught value error in dispatch 
Expecting , delimiter: line 1 column 9 (char 9)
received message from peer 53514 with message: {"UID":"53514","LOC":"(42.357386299999995, NaN)"}
dispatch {"UID":"53514","LOC":"(42.357386299999995, NaN)"} 53514
get 53513 <type 'int'> websocket
invalid websocket with uid 53513 due to:
'NoneType' object has no attribute 'text_message'
get 53514 <type 'int'> websocket
get 53514 <type 'int'> location
127.0.0.1 - - [01/Aug/2014:01:25:21] "GET /chtr HTTP/1.1" 101 - "" "Mozilla/5.0 (X11; Linux i686) AppleWebKit/537.36 (KHTML, like Gecko) Chrome/35.0.1916.153 Safari/537.36"
opened connection with 53556
get 53556 <type 'int'> websocket
received message from peer 53556 with message: {"OPEN":1}
dispatch {"OPEN":1} 53556
get 53556 <type 'int'> websocket
received message from peer 53556 with message: {"PING":0
dispatch {"PING":0 53556
caught value error in dispatch 
Expecting , delimiter: line 1 column 9 (char 9)
received message from peer 53556 with message: {"UID":"53556","LOC":"(42.357392399999995, NaN)"}
dispatch {"UID":"53556","LOC":"(42.357392399999995, NaN)"} 53556
get 53514 <type 'int'> websocket
invalid websocket with uid 53514 due to:
'NoneType' object has no attribute 'text_message'
get 53556 <type 'int'> websocket
get 53556 <type 'int'> location
127.0.0.1 - - [01/Aug/2014:01:25:25] "GET /chtr HTTP/1.1" 101 - "" "Mozilla/5.0 (X11; Linux i686) AppleWebKit/537.36 (KHTML, like Gecko) Chrome/35.0.1916.153 Safari/537.36"
opened connection with 53557
get 53557 <type 'int'> websocket
received message from peer 53557 with message: {"OPEN":1}
dispatch {"OPEN":1} 53557
get 53557 <type 'int'> websocket
received message from peer 53557 with message: {"PING":0
dispatch {"PING":0 53557
caught value error in dispatch 
Expecting , delimiter: line 1 column 9 (char 9)
received message from peer 53557 with message: {"UID":"53557","LOC":"(42.357392399999995, NaN)"}
dispatch {"UID":"53557","LOC":"(42.357392399999995, NaN)"} 53557
get 53556 <type 'int'> websocket
get 53557 <type 'int'> websocket
get 53557 <type 'int'> location
127.0.0.1 - - [01/Aug/2014:06:59:56] "GET /chtr HTTP/1.1" 101 - "" "Mozilla/5.0 (Windows NT 6.1; WOW64) AppleWebKit/537.36 (KHTML, like Gecko) Chrome/36.0.1985.125 Safari/537.36"
opened connection with 53641
get 53641 <type 'int'> websocket
received message from peer 53641 with message: {"OPEN":1}
dispatch {"OPEN":1} 53641
get 53641 <type 'int'> websocket
received message from peer 53641 with message: {"PING":0
dispatch {"PING":0 53641
caught value error in dispatch 
Expecting , delimiter: line 1 column 9 (char 9)
received message from peer 53641 with message: {"UID":"53641","LOC":"(42.358430999999996, NaN)"}
dispatch {"UID":"53641","LOC":"(42.358430999999996, NaN)"} 53641
get 53641 <type 'int'> websocket
get 53556 <type 'int'> websocket
invalid websocket with uid 53556 due to:
'NoneType' object has no attribute 'text_message'
get 53557 <type 'int'> websocket
invalid websocket with uid 53557 due to:
'NoneType' object has no attribute 'text_message'
get 53641 <type 'int'> location
127.0.0.1 - - [01/Aug/2014:07:00:04] "GET /chtr HTTP/1.1" 101 - "" "Mozilla/5.0 (Windows NT 6.1; WOW64) AppleWebKit/537.36 (KHTML, like Gecko) Chrome/36.0.1985.125 Safari/537.36"
opened connection with 53642
get 53642 <type 'int'> websocket
received message from peer 53642 with message: {"OPEN":1}
dispatch {"OPEN":1} 53642
get 53642 <type 'int'> websocket
received message from peer 53642 with message: {"PING":0
dispatch {"PING":0 53642
caught value error in dispatch 
Expecting , delimiter: line 1 column 9 (char 9)
127.0.0.1 - - [01/Aug/2014:07:00:04] "GET /chtr HTTP/1.1" 101 - "" "Mozilla/5.0 (Windows NT 6.1; WOW64) AppleWebKit/537.36 (KHTML, like Gecko) Chrome/36.0.1985.125 Safari/537.36"
opened connection with 53643
get 53643 <type 'int'> websocket
received message from peer 53643 with message: {"OPEN":1}
dispatch {"OPEN":1} 53643
get 53643 <type 'int'> websocket
received message from peer 53643 with message: {"PING":0
dispatch {"PING":0 53643
caught value error in dispatch 
Expecting , delimiter: line 1 column 9 (char 9)
received message from peer 53643 with message: {"UID":"53643","LOC":"(42.358430999999996, NaN)"}
dispatch {"UID":"53643","LOC":"(42.358430999999996, NaN)"} 53643
get 53641 <type 'int'> websocket
invalid websocket with uid 53641 due to:
'NoneType' object has no attribute 'text_message'
get 53642 <type 'int'> websocket
invalid websocket with uid 53642 due to:
'NoneType' object has no attribute 'text_message'
get 53643 <type 'int'> websocket
get 53643 <type 'int'> location
received message from peer 53643 with message: {"UID":"53643","MSG":"amazing!"}
dispatch {"UID":"53643","MSG":"amazing!"} 53643
get 53643 <type 'int'> websocket
127.0.0.1 - - [02/Aug/2014:00:31:37] "GET /chtr HTTP/1.1" 101 - "" "Mozilla/5.0 (X11; Linux i686) AppleWebKit/537.36 (KHTML, like Gecko) Chrome/35.0.1916.153 Safari/537.36"
opened connection with 54321
get 54321 <type 'int'> websocket
received message from peer 54321 with message: {"OPEN":1}
dispatch {"OPEN":1} 54321
get 54321 <type 'int'> websocket
received message from peer 54321 with message: {"PING":0
dispatch {"PING":0 54321
caught value error in dispatch 
Expecting , delimiter: line 1 column 9 (char 9)
received message from peer 54321 with message: {"UID":"54321","LOC":"(42.3570784, NaN)"}
dispatch {"UID":"54321","LOC":"(42.3570784, NaN)"} 54321
get 54321 <type 'int'> websocket
get 53643 <type 'int'> websocket
invalid websocket with uid 53643 due to:
'NoneType' object has no attribute 'text_message'
get 54321 <type 'int'> location
127.0.0.1 - - [02/Aug/2014:00:31:48] "GET /chtr HTTP/1.1" 101 - "" "Mozilla/5.0 (X11; Linux i686) AppleWebKit/537.36 (KHTML, like Gecko) Chrome/35.0.1916.153 Safari/537.36"
opened connection with 54322
get 54322 <type 'int'> websocket
received message from peer 54322 with message: {"OPEN":1}
dispatch {"OPEN":1} 54322
get 54322 <type 'int'> websocket
received message from peer 54322 with message: {"PING":0
dispatch {"PING":0 54322
caught value error in dispatch 
Expecting , delimiter: line 1 column 9 (char 9)
received message from peer 54322 with message: {"UID":"54322","LOC":"(42.3570784, NaN)"}
dispatch {"UID":"54322","LOC":"(42.3570784, NaN)"} 54322
get 54321 <type 'int'> websocket
invalid websocket with uid 54321 due to:
'NoneType' object has no attribute 'text_message'
get 54322 <type 'int'> websocket
get 54322 <type 'int'> location
127.0.0.1 - - [02/Aug/2014:00:31:59] "GET /chtr HTTP/1.1" 101 - "" "Mozilla/5.0 (X11; Linux i686) AppleWebKit/537.36 (KHTML, like Gecko) Chrome/35.0.1916.153 Safari/537.36"
opened connection with 54323
get 54323 <type 'int'> websocket
received message from peer 54323 with message: {"OPEN":1}
dispatch {"OPEN":1} 54323
get 54323 <type 'int'> websocket
received message from peer 54323 with message: {"PING":0
dispatch {"PING":0 54323
caught value error in dispatch 
Expecting , delimiter: line 1 column 9 (char 9)
received message from peer 54323 with message: {"UID":"54323","LOC":"(42.3570784, NaN)"}
dispatch {"UID":"54323","LOC":"(42.3570784, NaN)"} 54323
get 54322 <type 'int'> websocket
invalid websocket with uid 54322 due to:
'NoneType' object has no attribute 'text_message'
get 54323 <type 'int'> websocket
get 54323 <type 'int'> location
127.0.0.1 - - [02/Aug/2014:00:32:07] "GET /chtr HTTP/1.1" 101 - "" "Mozilla/5.0 (X11; Linux i686) AppleWebKit/537.36 (KHTML, like Gecko) Chrome/35.0.1916.153 Safari/537.36"
[02/Aug/2014:00:34:48] ENGINE Keyboard Interrupt: shutting down bus
[02/Aug/2014:00:34:48] ENGINE Bus STOPPING
[02/Aug/2014:00:34:48] ENGINE HTTP Server cherrypy._cpwsgi_server.CPWSGIServer(('127.0.0.1', 8010)) shut down
[02/Aug/2014:00:34:48] ENGINE Terminating WebSocket processing
[02/Aug/2014:00:34:48] ENGINE Stopped thread 'Autoreloader'.
[02/Aug/2014:00:34:48] ENGINE Stopped thread '_TimeoutMonitor'.
[02/Aug/2014:00:34:48] ENGINE Bus STOPPED
[02/Aug/2014:00:34:48] ENGINE Bus EXITING
[02/Aug/2014:00:34:48] ENGINE Bus EXITED
[02/Aug/2014:00:34:48] ENGINE Waiting for child threads to terminate...
opened connection with 54324
get 54324 <type 'int'> websocket
received message from peer 54324 with message: {"OPEN":1}
dispatch {"OPEN":1} 54324
get 54324 <type 'int'> websocket
received message from peer 54324 with message: {"PING":0
dispatch {"PING":0 54324
caught value error in dispatch 
Expecting , delimiter: line 1 column 9 (char 9)
received message from peer 54324 with message: {"UID":"54324","LOC":"(42.3570784, NaN)"}
dispatch {"UID":"54324","LOC":"(42.3570784, NaN)"} 54324
get 54323 <type 'int'> websocket
invalid websocket with uid 54323 due to:
'NoneType' object has no attribute 'text_message'
get 54324 <type 'int'> websocket
get 54324 <type 'int'> location
